Build started 08/06/2015 09:47:37.
     1>Project "C:\Nir\לימודים\code\advanced\advanced_cpp\advanced_ex5\advanced_ex5\advanced_ex5.vcxproj" on node 2 (build target(s)).
     1>InitializeBuildStatus:
         Touching "Debug\advanced_ex5.unsuccessfulbuild".
       ClCompile:
         c:\Program Files (x86)\Microsoft Visual Studio 10.0\VC\bin\CL.exe /c /Zi /nologo /W3 /WX- /Od /Oy- /D WIN32 /D _DEBUG /D _WINDOWS /Gm /EHsc /RTC1 /MDd /GS /fp:precise /Zc:wchar_t /Zc:forScope /Fo"Debug\\" /Fd"Debug\vc100.pdb" /Gd /TP /analyze- /errorReport:prompt test_TimeDate.cpp
         test_TimeDate.cpp
       ManifestResourceCompile:
         All outputs are up-to-date.
       Link:
         c:\Program Files (x86)\Microsoft Visual Studio 10.0\VC\bin\link.exe /ERRORREPORT:PROMPT /OUT:"C:\Nir\לימודים\code\advanced\advanced_cpp\advanced_ex5\advanced_ex5\Debug\advanced_ex5.exe" /INCREMENTAL /NOLOGO kernel32.lib user32.lib gdi32.lib winspool.lib comdlg32.lib advapi32.lib shell32.lib ole32.lib oleaut32.lib uuid.lib odbc32.lib odbccp32.lib /MANIFEST /ManifestFile:"Debug\advanced_ex5.exe.intermediate.manifest" /MANIFESTUAC:"level='asInvoker' uiAccess='false'" /DEBUG /PDB:"C:\Nir\לימודים\code\advanced\advanced_cpp\advanced_ex5\advanced_ex5\Debug\advanced_ex5.pdb" /SUBSYSTEM:CONSOLE /TLBID:1 /DYNAMICBASE /NXCOMPAT /IMPLIB:"C:\Nir\לימודים\code\advanced\advanced_cpp\advanced_ex5\advanced_ex5\Debug\advanced_ex5.lib" /MACHINE:X86 Debug\advanced_ex5.exe.embed.manifest.res
         Debug\cDate_t.obj
         Debug\cTime_t.obj
         Debug\Observer.obj
         Debug\test_TimeDate.obj
       Manifest:
         C:\Program Files (x86)\Microsoft SDKs\Windows\v7.0A\bin\mt.exe /nologo /verbose /out:"Debug\advanced_ex5.exe.embed.manifest" /manifest Debug\advanced_ex5.exe.intermediate.manifest
         All outputs are up-to-date.
       LinkEmbedManifest:
         All outputs are up-to-date.
         advanced_ex5.vcxproj -> C:\Nir\לימודים\code\advanced\advanced_cpp\advanced_ex5\advanced_ex5\Debug\advanced_ex5.exe
       FinalizeBuildStatus:
         Deleting file "Debug\advanced_ex5.unsuccessfulbuild".
         Touching "Debug\advanced_ex5.lastbuildstate".
     1>Done Building Project "C:\Nir\לימודים\code\advanced\advanced_cpp\advanced_ex5\advanced_ex5\advanced_ex5.vcxproj" (build target(s)).

Build succeeded.

Time Elapsed 00:00:00.79
