Build started 10/05/2015 22:47:45.
     1>Project "C:\Nir\לימודים\code\advanced\advanced_cpp\advanced_ex3\advanced_ex3\advances_ex3.vcxproj" on node 2 (build target(s)).
     1>InitializeBuildStatus:
         Touching "Debug\advanced_ex3.unsuccessfulbuild".
       ClCompile:
         All outputs are up-to-date.
       ManifestResourceCompile:
         All outputs are up-to-date.
       Link:
         c:\Program Files (x86)\Microsoft Visual Studio 10.0\VC\bin\link.exe /ERRORREPORT:PROMPT /OUT:"C:\Nir\לימודים\code\advanced\advanced_cpp\advanced_ex3\advanced_ex3\Debug\advanced_ex3.exe" /INCREMENTAL /NOLOGO kernel32.lib user32.lib gdi32.lib winspool.lib comdlg32.lib advapi32.lib shell32.lib ole32.lib oleaut32.lib uuid.lib odbc32.lib odbccp32.lib /MANIFEST /ManifestFile:"Debug\advanced_ex3.exe.intermediate.manifest" /MANIFESTUAC:"level='asInvoker' uiAccess='false'" /DEBUG /PDB:"C:\Nir\לימודים\code\advanced\advanced_cpp\advanced_ex3\advanced_ex3\Debug\advanced_ex3.pdb" /SUBSYSTEM:CONSOLE /TLBID:1 /DYNAMICBASE /NXCOMPAT /IMPLIB:"C:\Nir\לימודים\code\advanced\advanced_cpp\advanced_ex3\advanced_ex3\Debug\advanced_ex3.lib" /MACHINE:X86 Debug\advanced_ex3.exe.embed.manifest.res
         Debug\test1.obj
         Debug\virtIO_t.obj
       Manifest:
         C:\Program Files (x86)\Microsoft SDKs\Windows\v7.0A\bin\mt.exe /nologo /verbose /out:"Debug\advanced_ex3.exe.embed.manifest" /manifest Debug\advanced_ex3.exe.intermediate.manifest
         C:\Program Files (x86)\Microsoft SDKs\Windows\v7.0A\bin\rc.exe /nologo /fo"Debug\advanced_ex3.exe.embed.manifest.res" Debug\advanced_ex3_manifest.rc 
       LinkEmbedManifest:
         c:\Program Files (x86)\Microsoft Visual Studio 10.0\VC\bin\link.exe /ERRORREPORT:PROMPT /OUT:"C:\Nir\לימודים\code\advanced\advanced_cpp\advanced_ex3\advanced_ex3\Debug\advanced_ex3.exe" /INCREMENTAL /NOLOGO kernel32.lib user32.lib gdi32.lib winspool.lib comdlg32.lib advapi32.lib shell32.lib ole32.lib oleaut32.lib uuid.lib odbc32.lib odbccp32.lib /MANIFEST /ManifestFile:"Debug\advanced_ex3.exe.intermediate.manifest" /MANIFESTUAC:"level='asInvoker' uiAccess='false'" /DEBUG /PDB:"C:\Nir\לימודים\code\advanced\advanced_cpp\advanced_ex3\advanced_ex3\Debug\advanced_ex3.pdb" /SUBSYSTEM:CONSOLE /TLBID:1 /DYNAMICBASE /NXCOMPAT /IMPLIB:"C:\Nir\לימודים\code\advanced\advanced_cpp\advanced_ex3\advanced_ex3\Debug\advanced_ex3.lib" /MACHINE:X86 Debug\advanced_ex3.exe.embed.manifest.res
         Debug\test1.obj
         Debug\virtIO_t.obj
         advances_ex3.vcxproj -> C:\Nir\לימודים\code\advanced\advanced_cpp\advanced_ex3\advanced_ex3\Debug\advanced_ex3.exe
       FinalizeBuildStatus:
         Deleting file "Debug\advanced_ex3.unsuccessfulbuild".
         Touching "Debug\advanced_ex3.lastbuildstate".
     1>Done Building Project "C:\Nir\לימודים\code\advanced\advanced_cpp\advanced_ex3\advanced_ex3\advances_ex3.vcxproj" (build target(s)).

Build succeeded.

Time Elapsed 00:00:00.47
